

> @workspace/page-navigation@0.1.0 build /Users/hunor/GitHub/drag-and-drop-navigation/packages/page-navigation
> tsup

[34mCLI[39m Building entry: src/index.ts
[34mCLI[39m Using tsconfig: tsconfig.json
[34mCLI[39m tsup v8.5.0
[34mCLI[39m Using tsup config: /Users/hunor/GitHub/drag-and-drop-navigation/packages/page-navigation/tsup.config.ts
[34mCLI[39m Target: es2020
[34mCLI[39m Cleaning output folder
[34mCJS[39m Build start
[34mESM[39m Build start
[32mCJS[39m [1mdist/index.js     [22m[32m13.18 KB[39m
[32mCJS[39m [1mdist/index.js.map [22m[32m25.92 KB[39m
[32mCJS[39m ⚡️ Build success in 64ms
[32mESM[39m [1mdist/index.mjs     [22m[32m12.57 KB[39m
[32mESM[39m [1mdist/index.mjs.map [22m[32m25.36 KB[39m
[32mESM[39m ⚡️ Build success in 64ms
DTS Build start
DTS ⚡️ Build success in 697ms
DTS dist/index.d.ts  965.00 B
DTS dist/index.d.mts 965.00 B
