

> @workspace/ui@0.1.0 build /Users/hunor/GitHub/drag-and-drop-navigation/packages/ui
> tsup

[34mCLI[39m Building entry: src/index.ts
[34mCLI[39m Using tsconfig: tsconfig.json
[34mCLI[39m tsup v8.5.0
[34mCLI[39m Using tsup config: /Users/hunor/GitHub/drag-and-drop-navigation/packages/ui/tsup.config.ts
[34mCLI[39m Target: es2020
[34mCLI[39m Cleaning output folder
[34mCJS[39m Build start
[34mESM[39m Build start
[32mESM[39m [1mdist/index.mjs     [22m[32m11.42 KB[39m
[32mESM[39m [1mdist/index.mjs.map [22m[32m21.73 KB[39m
[32mESM[39m ⚡️ Build success in 56ms
[32mCJS[39m [1mdist/index.js     [22m[32m13.49 KB[39m
[32mCJS[39m [1mdist/index.js.map [22m[32m21.96 KB[39m
[32mCJS[39m ⚡️ Build success in 56ms
DTS Build start
DTS ⚡️ Build success in 725ms
DTS dist/index.d.ts  3.41 KB
DTS dist/index.d.mts 3.41 KB
